Determining if the pthread_create exist failed with the following output:
Change Dir: /home/ycb13/catkin_ws/src/ORB_SLAM2/Examples/ROS/ORB_SLAM2/build/CMakeFiles/CMakeTmp

Run Build Command:/usr/bin/make "cmTryCompileExec2363157397/fast"
/usr/bin/make -f CMakeFiles/cmTryCompileExec2363157397.dir/build.make CMakeFiles/cmTryCompileExec2363157397.dir/build
make[1]: 正在进入目录 `/home/ycb13/catkin_ws/src/ORB_SLAM2/Examples/ROS/ORB_SLAM2/build/CMakeFiles/CMakeTmp'
/usr/bin/cmake -E cmake_progress_report /home/ycb13/catkin_ws/src/ORB_SLAM2/Examples/ROS/ORB_SLAM2/build/CMakeFiles/CMakeTmp/CMakeFiles 1
Building C object CMakeFiles/cmTryCompileExec2363157397.dir/CheckSymbolExists.c.o
/usr/bin/cc    -o CMakeFiles/cmTryCompileExec2363157397.dir/CheckSymbolExists.c.o   -c /home/ycb13/catkin_ws/src/ORB_SLAM2/Examples/ROS/ORB_SLAM2/build/CMakeFiles/CMakeTmp/CheckSymbolExists.c
Linking C executable cmTryCompileExec2363157397
/usr/bin/cmake -E cmake_link_script CMakeFiles/cmTryCompileExec2363157397.dir/link.txt --verbose=1
/usr/bin/cc       CMakeFiles/cmTryCompileExec2363157397.dir/CheckSymbolExists.c.o  -o cmTryCompileExec2363157397 -rdynamic 
CMakeFiles/cmTryCompileExec2363157397.dir/CheckSymbolExists.c.o：在函数‘main’中：
CheckSymbolExists.c:(.text+0x16)：对‘pthread_create’未定义的引用
collect2: error: ld returned 1 exit status
make[1]: *** [cmTryCompileExec2363157397] 错误 1
make[1]:正在离开目录 `/home/ycb13/catkin_ws/src/ORB_SLAM2/Examples/ROS/ORB_SLAM2/build/CMakeFiles/CMakeTmp'
make: *** [cmTryCompileExec2363157397/fast] 错误 2

File /home/ycb13/catkin_ws/src/ORB_SLAM2/Examples/ROS/ORB_SLAM2/build/CMakeFiles/CMakeTmp/CheckSymbolExists.c:
/* */
#include <pthread.h>

int main(int argc, char** argv)
{
  (void)argv;
#ifndef pthread_create
  return ((int*)(&pthread_create))[argc];
#else
  (void)argc;
  return 0;
#endif
}

Determining if the function pthread_create exists in the pthreads failed with the following output:
Change Dir: /home/ycb13/catkin_ws/src/ORB_SLAM2/Examples/ROS/ORB_SLAM2/build/CMakeFiles/CMakeTmp

Run Build Command:/usr/bin/make "cmTryCompileExec1621768756/fast"
/usr/bin/make -f CMakeFiles/cmTryCompileExec1621768756.dir/build.make CMakeFiles/cmTryCompileExec1621768756.dir/build
make[1]: 正在进入目录 `/home/ycb13/catkin_ws/src/ORB_SLAM2/Examples/ROS/ORB_SLAM2/build/CMakeFiles/CMakeTmp'
/usr/bin/cmake -E cmake_progress_report /home/ycb13/catkin_ws/src/ORB_SLAM2/Examples/ROS/ORB_SLAM2/build/CMakeFiles/CMakeTmp/CMakeFiles 1
Building C object CMakeFiles/cmTryCompileExec1621768756.dir/CheckFunctionExists.c.o
/usr/bin/cc   -DCHECK_FUNCTION_EXISTS=pthread_create   -o CMakeFiles/cmTryCompileExec1621768756.dir/CheckFunctionExists.c.o   -c /usr/share/cmake-2.8/Modules/CheckFunctionExists.c
Linking C executable cmTryCompileExec1621768756
/usr/bin/cmake -E cmake_link_script CMakeFiles/cmTryCompileExec1621768756.dir/link.txt --verbose=1
/usr/bin/cc   -DCHECK_FUNCTION_EXISTS=pthread_create    CMakeFiles/cmTryCompileExec1621768756.dir/CheckFunctionExists.c.o  -o cmTryCompileExec1621768756 -rdynamic -lpthreads 
/usr/bin/ld: cannot find -lpthreads
collect2: error: ld returned 1 exit status
make[1]: *** [cmTryCompileExec1621768756] 错误 1
make[1]:正在离开目录 `/home/ycb13/catkin_ws/src/ORB_SLAM2/Examples/ROS/ORB_SLAM2/build/CMakeFiles/CMakeTmp'
make: *** [cmTryCompileExec1621768756/fast] 错误 2


