Determining if the pthread_create exist failed with the following output:
Change Dir: /home/ycb13/catkin_ws/src/ORB_SLAM2/Examples/ROS/build-ORB_SLAM2-Unnamed-Default/CMakeFiles/CMakeTmp

Run Build Command:/usr/bin/make "cmTryCompileExec1838291522/fast"
/usr/bin/make -f CMakeFiles/cmTryCompileExec1838291522.dir/build.make CMakeFiles/cmTryCompileExec1838291522.dir/build
make[1]: 正在进入目录 `/home/ycb13/catkin_ws/src/ORB_SLAM2/Examples/ROS/build-ORB_SLAM2-Unnamed-Default/CMakeFiles/CMakeTmp'
/usr/bin/cmake -E cmake_progress_report /home/ycb13/catkin_ws/src/ORB_SLAM2/Examples/ROS/build-ORB_SLAM2-Unnamed-Default/CMakeFiles/CMakeTmp/CMakeFiles 1
Building C object CMakeFiles/cmTryCompileExec1838291522.dir/CheckSymbolExists.c.o
/usr/bin/cc    -o CMakeFiles/cmTryCompileExec1838291522.dir/CheckSymbolExists.c.o   -c /home/ycb13/catkin_ws/src/ORB_SLAM2/Examples/ROS/build-ORB_SLAM2-Unnamed-Default/CMakeFiles/CMakeTmp/CheckSymbolExists.c
Linking C executable cmTryCompileExec1838291522
/usr/bin/cmake -E cmake_link_script CMakeFiles/cmTryCompileExec1838291522.dir/link.txt --verbose=1
/usr/bin/cc       CMakeFiles/cmTryCompileExec1838291522.dir/CheckSymbolExists.c.o  -o cmTryCompileExec1838291522 -rdynamic 
CMakeFiles/cmTryCompileExec1838291522.dir/CheckSymbolExists.c.o：在函数‘main’中：
CheckSymbolExists.c:(.text+0x16)：对‘pthread_create’未定义的引用
collect2: error: ld returned 1 exit status
make[1]: *** [cmTryCompileExec1838291522] 错误 1
make[1]:正在离开目录 `/home/ycb13/catkin_ws/src/ORB_SLAM2/Examples/ROS/build-ORB_SLAM2-Unnamed-Default/CMakeFiles/CMakeTmp'
make: *** [cmTryCompileExec1838291522/fast] 错误 2

File /home/ycb13/catkin_ws/src/ORB_SLAM2/Examples/ROS/build-ORB_SLAM2-Unnamed-Default/CMakeFiles/CMakeTmp/CheckSymbolExists.c:
/* */
#include <pthread.h>

int main(int argc, char** argv)
{
  (void)argv;
#ifndef pthread_create
  return ((int*)(&pthread_create))[argc];
#else
  (void)argc;
  return 0;
#endif
}

Determining if the function pthread_create exists in the pthreads failed with the following output:
Change Dir: /home/ycb13/catkin_ws/src/ORB_SLAM2/Examples/ROS/build-ORB_SLAM2-Unnamed-Default/CMakeFiles/CMakeTmp

Run Build Command:/usr/bin/make "cmTryCompileExec16758313/fast"
/usr/bin/make -f CMakeFiles/cmTryCompileExec16758313.dir/build.make CMakeFiles/cmTryCompileExec16758313.dir/build
make[1]: 正在进入目录 `/home/ycb13/catkin_ws/src/ORB_SLAM2/Examples/ROS/build-ORB_SLAM2-Unnamed-Default/CMakeFiles/CMakeTmp'
/usr/bin/cmake -E cmake_progress_report /home/ycb13/catkin_ws/src/ORB_SLAM2/Examples/ROS/build-ORB_SLAM2-Unnamed-Default/CMakeFiles/CMakeTmp/CMakeFiles 1
Building C object CMakeFiles/cmTryCompileExec16758313.dir/CheckFunctionExists.c.o
/usr/bin/cc   -DCHECK_FUNCTION_EXISTS=pthread_create   -o CMakeFiles/cmTryCompileExec16758313.dir/CheckFunctionExists.c.o   -c /usr/share/cmake-2.8/Modules/CheckFunctionExists.c
Linking C executable cmTryCompileExec16758313
/usr/bin/cmake -E cmake_link_script CMakeFiles/cmTryCompileExec16758313.dir/link.txt --verbose=1
/usr/bin/cc   -DCHECK_FUNCTION_EXISTS=pthread_create    CMakeFiles/cmTryCompileExec16758313.dir/CheckFunctionExists.c.o  -o cmTryCompileExec16758313 -rdynamic -lpthreads 
/usr/bin/ld: cannot find -lpthreads
collect2: error: ld returned 1 exit status
make[1]: *** [cmTryCompileExec16758313] 错误 1
make[1]:正在离开目录 `/home/ycb13/catkin_ws/src/ORB_SLAM2/Examples/ROS/build-ORB_SLAM2-Unnamed-Default/CMakeFiles/CMakeTmp'
make: *** [cmTryCompileExec16758313/fast] 错误 2


